Sun Aug  6 11:07:31 EDT 2023
$PROBLEM    Like 001,with xgxr2,advan2
$INPUT      ROW ID NOMTIME TIME EVID CMT AMT DV FLAG STUDY BLQ CYCLE
            DOSE PART PROFDAY PROFTIME WEIGHTB eff0
$DATA      xgxr2.csv IGNORE=@ IGNORE=(FLAG.NE.0) IGNORE(DOSE.LT.30)
$SUBROUTINE ADVAN2 TRANS2
$PK
TVKA=THETA(1)
TVV=THETA(2)
TVCL=THETA(3)
                   
KA=TVKA*EXP(ETA(1))
V=TVV*EXP(ETA(2))
CL=TVCL*EXP(ETA(3))

$ERROR
  IPRED=F
  IRES=DV-IPRED

  IF (IPRED.GT.1) THEN
    W = SQRT(IPRED**2*SIGMA(1,1)**2 + SIGMA(2,2)**2)
  ELSE
    W=1
  ENDIF

  IWRES=IRES/W
  Y=F+F*ERR(1)+ERR(2)

;-----------------------INITIAL ESTIMATES---------------------------------
$THETA  (0,0.9) ; POPKA
$THETA  (0,.2) ; POPCL
$THETA  (0,3.6) ; POPV2
$OMEGA  0.1
$OMEGA  0.1
$OMEGA  0.1
$SIGMA  0  FIX
$SIGMA  .2
$ESTIMATION METHOD=1 POSTHOC INTER MAXEVAL=9999 NSIG=2 SIGL=9 PRINT=10
            NOABORT
$COVARIANCE
$TABLE      ROW TVKA TVV TVCL KA V CL PRED IPRED NOPRINT
            FILE=xgxr017_res.txt


NM-TRAN MESSAGES
  
 WARNINGS AND ERRORS (IF ANY) FOR PROBLEM    1
             
 (WARNING  2) NM-TRAN INFERS THAT THE DATA ARE POPULATION.
             
 (WARNING  23) $PK DOES NOT DEFINE A SCALE PARAMETER FOR THE CENTRAL
 COMPARTMENT.  WITH THIS TRANS, IT MAY NOT BE POSSIBLE TO SEPARATELY
 OBTAIN ESTIMATES OF PARAMETERS AFFECTING CLEARANCE AND VOLUME.
             
 (WARNING  79) SIGMA IS USED ON THE RIGHT. WITH A SUBSEQUENT RUN, IF AN
 INITIAL ESTIMATE OF A DIAGONAL BLOCK OF SIGMA IS TO BE COMPUTED BY
 NONMEM, THAT BLOCK WILL BE SET TO AN IDENTITY MATRIX DURING THAT
 COMPUTATION. THIS COULD LEAD TO AN ARITHMETIC EXCEPTION.*

 * THE MAXIMUM NUMBER OF WARNINGS OF ONE OR MORE TYPES WAS REACHED.
 IT IS POSSIBLE THAT SOME WARNING MESSAGES WERE SUPPRESSED.

License Registered to: Vertex Pharmaceuticals Inc
Expiration Date:    14 JAN 2024
Current Date:        6 AUG 2023
Days until program expires : 163
1NONLINEAR MIXED EFFECTS MODEL PROGRAM (NONMEM) VERSION 7.5.0
 ORIGINALLY DEVELOPED BY STUART BEAL, LEWIS SHEINER, AND ALISON BOECKMANN
 CURRENT DEVELOPERS ARE ROBERT BAUER, ICON DEVELOPMENT SOLUTIONS,
 AND ALISON BOECKMANN. IMPLEMENTATION, EFFICIENCY, AND STANDARDIZATION
 PERFORMED BY NOUS INFOSYSTEMS.

 PROBLEM NO.:         1
 Like 001,with xgxr2,advan2
0DATA CHECKOUT RUN:              NO
 DATA SET LOCATED ON UNIT NO.:    2
 THIS UNIT TO BE REWOUND:        NO
 NO. OF DATA RECS IN DATA SET:      731
 NO. OF DATA ITEMS IN DATA SET:  19
 ID DATA ITEM IS DATA ITEM NO.:   2
 DEP VARIABLE IS DATA ITEM NO.:   8
 MDV DATA ITEM IS DATA ITEM NO.: 19
0INDICES PASSED TO SUBROUTINE PRED:
   5   4   7   0   0   0   6   0   0   0   0
0LABELS FOR DATA ITEMS:
 ROW ID NOMTIME TIME EVID CMT AMT DV FLAG STUDY BLQ CYCLE DOSE PART PROFDAY PROFTIME WEIGHTB eff0 MDV
0(NONBLANK) LABELS FOR PRED-DEFINED ITEMS:
 TVKA TVV TVCL KA V CL IPRED
0FORMAT FOR DATA:
 (2(8E9.0/),2E9.0,1F2.0)

 TOT. NO. OF OBS RECS:      641
 TOT. NO. OF INDIVIDUALS:       90
0LENGTH OF THETA:   3
0DEFAULT THETA BOUNDARY TEST OMITTED:    NO
0OMEGA HAS SIMPLE DIAGONAL FORM WITH DIMENSION:   3
0DEFAULT OMEGA BOUNDARY TEST OMITTED:    NO
0SIGMA HAS BLOCK FORM:
  1
  0  2
0DEFAULT SIGMA BOUNDARY TEST OMITTED:    NO
0INITIAL ESTIMATE OF THETA:
 LOWER BOUND    INITIAL EST    UPPER BOUND
  0.0000E+00     0.9000E+00     0.1000E+07
  0.0000E+00     0.2000E+00     0.1000E+07
  0.0000E+00     0.3600E+01     0.1000E+07
0INITIAL ESTIMATE OF OMEGA:
 0.1000E+00
 0.0000E+00   0.1000E+00
 0.0000E+00   0.0000E+00   0.1000E+00
0INITIAL ESTIMATE OF SIGMA:
 BLOCK SET NO.   BLOCK                                                                    FIXED
        1                                                                                  YES
                  0.0000E+00
        2                                                                                   NO
                  0.2000E+00
0COVARIANCE STEP OMITTED:        NO
 EIGENVLS. PRINTED:              NO
 SPECIAL COMPUTATION:            NO
 COMPRESSED FORMAT:              NO
 GRADIENT METHOD USED:     NOSLOW
 SIGDIGITS ETAHAT (SIGLO):                  -1
 SIGDIGITS GRADIENTS (SIGL):                -1
 EXCLUDE COV FOR FOCE (NOFCOV):              NO
 Cholesky Transposition of R Matrix (CHOLROFF):0
 KNUTHSUMOFF:                                -1
 RESUME COV ANALYSIS (RESUME):               NO
 SIR SAMPLE SIZE (SIRSAMPLE):
 NON-LINEARLY TRANSFORM THETAS DURING COV (THBND): 1
 PRECONDTIONING CYCLES (PRECOND):        0
 PRECONDTIONING TYPES (PRECONDS):        TOS
 FORCED PRECONDTIONING CYCLES (PFCOND):0
 PRECONDTIONING TYPE (PRETYPE):        0
 FORCED POS. DEFINITE SETTING DURING PRECONDITIONING: (FPOSDEF):0
 SIMPLE POS. DEFINITE SETTING: (POSDEF):-1
0TABLES STEP OMITTED:    NO
 NO. OF TABLES:           1
 SEED NUMBER (SEED):    11456
 RANMETHOD:             3U
 MC SAMPLES (ESAMPLE):    300
 WRES SQUARE ROOT TYPE (WRESCHOL): EIGENVALUE
0-- TABLE   1 --
0RECORDS ONLY:    ALL
04 COLUMNS APPENDED:    YES
 PRINTED:                NO
 HEADER:                YES
 FILE TO BE FORWARDED:   NO
 FORMAT:                S1PE11.4
 IDFORMAT:
 LFORMAT:
 RFORMAT:
 FIXED_EFFECT_ETAS:
0USER-CHOSEN ITEMS:
 ROW TVKA TVV TVCL KA V CL IPRED
1DOUBLE PRECISION PREDPP VERSION 7.5.0

 ONE COMPARTMENT MODEL WITH FIRST-ORDER ABSORPTION (ADVAN2)
0MAXIMUM NO. OF BASIC PK PARAMETERS:   3
0BASIC PK PARAMETERS (AFTER TRANSLATION):
   ELIMINATION RATE (K) IS BASIC PK PARAMETER NO.:  1
   ABSORPTION RATE (KA) IS BASIC PK PARAMETER NO.:  3

 TRANSLATOR WILL CONVERT PARAMETERS
 CLEARANCE (CL) AND VOLUME (V) TO K (TRANS2)
0COMPARTMENT ATTRIBUTES
 COMPT. NO.   FUNCTION   INITIAL    ON/OFF      DOSE      DEFAULT    DEFAULT
                         STATUS     ALLOWED    ALLOWED    FOR DOSE   FOR OBS.
    1         DEPOT        OFF        YES        YES        YES        NO
    2         CENTRAL      ON         NO         YES        NO         YES
    3         OUTPUT       OFF        YES        NO         NO         NO
1
 ADDITIONAL PK PARAMETERS - ASSIGNMENT OF ROWS IN GG
 COMPT. NO.                             INDICES
              SCALE      BIOAVAIL.   ZERO-ORDER  ZERO-ORDER  ABSORB
                         FRACTION    RATE        DURATION    LAG
    1            *           *           *           *           *
    2            *           *           *           *           *
    3            *           -           -           -           -
             - PARAMETER IS NOT ALLOWED FOR THIS MODEL
             * PARAMETER IS NOT SUPPLIED BY PK SUBROUTINE;
               WILL DEFAULT TO ONE IF APPLICABLE
0DATA ITEM INDICES USED BY PRED ARE:
   EVENT ID DATA ITEM IS DATA ITEM NO.:      5
   TIME DATA ITEM IS DATA ITEM NO.:          4
   DOSE AMOUNT DATA ITEM IS DATA ITEM NO.:   7
   COMPT. NO. DATA ITEM IS DATA ITEM NO.:    6

0PK SUBROUTINE CALLED WITH EVERY EVENT RECORD.
 PK SUBROUTINE NOT CALLED AT NONEVENT (ADDITIONAL OR LAGGED) DOSE TIMES.
0ERROR SUBROUTINE CALLED WITH EVERY EVENT RECORD.
1


 #TBLN:      1
 #METH: First Order Conditional Estimation with Interaction

 ESTIMATION STEP OMITTED:                 NO
 ANALYSIS TYPE:                           POPULATION
 NUMBER OF SADDLE POINT RESET ITERATIONS:      0
 GRADIENT METHOD USED:               NOSLOW
 CONDITIONAL ESTIMATES USED:              YES
 CENTERED ETA:                            NO
 EPS-ETA INTERACTION:                     YES
 LAPLACIAN OBJ. FUNC.:                    NO
 NO. OF FUNCT. EVALS. ALLOWED:            9999
 NO. OF SIG. FIGURES REQUIRED:            2
 INTERMEDIATE PRINTOUT:                   YES
 ESTIMATE OUTPUT TO MSF:                  NO
 ABORT WITH PRED EXIT CODE 1:             NO
 IND. OBJ. FUNC. VALUES SORTED:           NO
 NUMERICAL DERIVATIVE
       FILE REQUEST (NUMDER):               NONE
 MAP (ETAHAT) ESTIMATION METHOD (OPTMAP):   0
 ETA HESSIAN EVALUATION METHOD (ETADER):    0
 INITIAL ETA FOR MAP ESTIMATION (MCETA):    0
 SIGDIGITS FOR MAP ESTIMATION (SIGLO):      9
 GRADIENT SIGDIGITS OF
       FIXED EFFECTS PARAMETERS (SIGL):     9
 NOPRIOR SETTING (NOPRIOR):                 0
 NOCOV SETTING (NOCOV):                     OFF
 DERCONT SETTING (DERCONT):                 OFF
 FINAL ETA RE-EVALUATION (FNLETA):          1
 EXCLUDE NON-INFLUENTIAL (NON-INFL.) ETAS
       IN SHRINKAGE (ETASTYPE):             NO
 NON-INFL. ETA CORRECTION (NONINFETA):      0
 RAW OUTPUT FILE (FILE): psn.ext
 EXCLUDE TITLE (NOTITLE):                   NO
 EXCLUDE COLUMN LABELS (NOLABEL):           NO
 FORMAT FOR ADDITIONAL FILES (FORMAT):      S1PE12.5
 PARAMETER ORDER FOR OUTPUTS (ORDER):       TSOL
 KNUTHSUMOFF:                               0
 INCLUDE LNTWOPI:                           NO
 INCLUDE CONSTANT TERM TO PRIOR (PRIORC):   NO
 INCLUDE CONSTANT TERM TO OMEGA (ETA) (OLNTWOPI):NO
 ADDITIONAL CONVERGENCE TEST (CTYPE=4)?:    NO
 EM OR BAYESIAN METHOD USED:                 NONE


 THE FOLLOWING LABELS ARE EQUIVALENT
 PRED=PREDI
 RES=RESI
 WRES=WRESI
 IWRS=IWRESI
 IPRD=IPREDI
 IRS=IRESI

 MONITORING OF SEARCH:


0ITERATION NO.:    0    OBJECTIVE VALUE:   949.066440193624        NO. OF FUNC. EVALS.:   6
 CUMULATIVE NO. OF FUNC. EVALS.:        6
 NPARAMETR:  9.0000E-01  2.0000E-01  3.6000E+00  1.0000E-01  1.0000E-01  1.0000E-01  2.0000E-01
 PARAMETER:  1.0000E-01  1.0000E-01  1.0000E-01  1.0000E-01  1.0000E-01  1.0000E-01  1.0000E-01
 GRADIENT:   1.1745E+03  4.7423E+02 -4.7420E+02 -1.0940E+03 -1.1418E+02 -1.1418E+02 -9.5501E+02

0ITERATION NO.:   10    OBJECTIVE VALUE:  -183.743107698488        NO. OF FUNC. EVALS.:  72
 CUMULATIVE NO. OF FUNC. EVALS.:       78
 NPARAMETR:  1.1729E-01  2.0551E-01  2.7133E+00  1.2091E-01  1.9247E-02  1.9247E-02  2.3690E-01
 PARAMETER: -1.9378E+00  1.2715E-01 -1.8278E-01  1.9492E-01 -7.2391E-01 -7.2391E-01  1.8466E-01
 GRADIENT:   1.1507E+00  2.0576E+01 -2.0542E+01  1.5132E+01  4.2515E+00  4.2515E+00  2.0946E+01

0ITERATION NO.:   18    OBJECTIVE VALUE:  -185.999230876529        NO. OF FUNC. EVALS.:  75
 CUMULATIVE NO. OF FUNC. EVALS.:      153
 NPARAMETR:  1.1966E-01  1.5222E-01  2.0489E+00  9.0032E-02  1.2571E-02  1.2571E-02  2.3481E-01
 PARAMETER: -1.9177E+00 -1.7300E-01 -4.6361E-01  4.7497E-02 -9.3689E-01 -9.3690E-01  1.8023E-01
 GRADIENT:  -4.6735E-02 -4.7080E-02  4.6461E-02 -2.3123E-02  3.1727E-03  3.1727E-03  5.4526E-02

 #TERM:
0MINIMIZATION SUCCESSFUL
 NO. OF FUNCTION EVALUATIONS USED:      153
 NO. OF SIG. DIGITS IN FINAL EST.:  2.1

 ETABAR IS THE ARITHMETIC MEAN OF THE ETA-ESTIMATES,
 AND THE P-VALUE IS GIVEN FOR THE NULL HYPOTHESIS THAT THE TRUE MEAN IS 0.

 ETABAR:         9.8751E-03  2.1777E-03 -2.1777E-03
 SE:             1.9682E-02  3.7178E-03  3.7178E-03
 N:                      90          90          90

 P VAL.:         6.1586E-01  5.5804E-01  5.5804E-01

 ETASHRINKSD(%)  3.7422E+01  6.8366E+01  6.8366E+01
 ETASHRINKVR(%)  6.0840E+01  8.9993E+01  8.9993E+01
 EBVSHRINKSD(%)  3.7728E+01  6.8831E+01  6.8831E+01
 EBVSHRINKVR(%)  6.1222E+01  9.0285E+01  9.0285E+01
 RELATIVEINF(%)  2.3653E+01  1.0000E-10  1.0000E-10
 EPSSHRINKSD(%)  1.0000E+02  4.2110E+00
 EPSSHRINKVR(%)  1.0000E+02  8.2447E+00

  
 TOTAL DATA POINTS NORMALLY DISTRIBUTED (N):          641
 N*LOG(2PI) CONSTANT TO OBJECTIVE FUNCTION:    1178.0791995683903     
 OBJECTIVE FUNCTION VALUE WITHOUT CONSTANT:   -185.99923087652945     
 OBJECTIVE FUNCTION VALUE WITH CONSTANT:       992.07996869186081     
 REPORTED OBJECTIVE FUNCTION DOES NOT CONTAIN CONSTANT
  
 TOTAL EFFECTIVE ETAS (NIND*NETA):                           270
  
 #TERE:
 Elapsed estimation  time in seconds:     1.12
 Elapsed covariance  time in seconds:     0.74
 Elapsed postprocess time in seconds:     0.02
1
 
 
 
 
 
 
 
 
 
 
 
 
 
 
 
 
 
 
 
 
 ************************************************************************************************************************
 ********************                                                                                ********************
 ********************               FIRST ORDER CONDITIONAL ESTIMATION WITH INTERACTION              ********************
 #OBJT:**************                       MINIMUM VALUE OF OBJECTIVE FUNCTION                      ********************
 ********************                                                                                ********************
 ************************************************************************************************************************
 





 #OBJV:********************************************     -185.999       **************************************************
1
 ************************************************************************************************************************
 ********************                                                                                ********************
 ********************               FIRST ORDER CONDITIONAL ESTIMATION WITH INTERACTION              ********************
 ********************                             FINAL PARAMETER ESTIMATE                           ********************
 ********************                                                                                ********************
 ************************************************************************************************************************
 


 THETA - VECTOR OF FIXED EFFECTS PARAMETERS   *********


         TH 1      TH 2      TH 3     
 
         1.20E-01  1.52E-01  2.05E+00
 


 OMEGA - COV MATRIX FOR RANDOM EFFECTS - ETAS  ********


         ETA1      ETA2      ETA3     
 
 ETA1
+        9.00E-02
 
 ETA2
+        0.00E+00  1.26E-02
 
 ETA3
+        0.00E+00  0.00E+00  1.26E-02
 


 SIGMA - COV MATRIX FOR RANDOM EFFECTS - EPSILONS  ****


         EPS1      EPS2     
 
 EPS1
+        0.00E+00
 
 EPS2
+        0.00E+00  2.35E-01
 
1


 OMEGA - CORR MATRIX FOR RANDOM EFFECTS - ETAS  *******


         ETA1      ETA2      ETA3     
 
 ETA1
+        3.00E-01
 
 ETA2
+        0.00E+00  1.12E-01
 
 ETA3
+        0.00E+00  0.00E+00  1.12E-01
 


 SIGMA - CORR MATRIX FOR RANDOM EFFECTS - EPSILONS  ***


         EPS1      EPS2     
 
 EPS1
+        0.00E+00
 
 EPS2
+        0.00E+00  4.85E-01
 
1
 ************************************************************************************************************************
 ********************                                                                                ********************
 ********************               FIRST ORDER CONDITIONAL ESTIMATION WITH INTERACTION              ********************
 ********************                            STANDARD ERROR OF ESTIMATE                          ********************
 ********************                                                                                ********************
 ************************************************************************************************************************
 


 THETA - VECTOR OF FIXED EFFECTS PARAMETERS   *********


         TH 1      TH 2      TH 3     
 
         8.95E-03  2.24E-02  3.52E-01
 


 OMEGA - COV MATRIX FOR RANDOM EFFECTS - ETAS  ********


         ETA1      ETA2      ETA3     
 
 ETA1
+        2.04E-02
 
 ETA2
+       .........  9.12E-03
 
 ETA3
+       ......... .........  7.66E-03
 


 SIGMA - COV MATRIX FOR RANDOM EFFECTS - EPSILONS  ****


         EPS1      EPS2     
 
 EPS1
+       .........
 
 EPS2
+       .........  4.05E-02
 
1


 OMEGA - CORR MATRIX FOR RANDOM EFFECTS - ETAS  *******


         ETA1      ETA2      ETA3     
 
 ETA1
+        3.40E-02
 
 ETA2
+       .........  4.07E-02
 
 ETA3
+       ......... .........  3.42E-02
 


 SIGMA - CORR MATRIX FOR RANDOM EFFECTS - EPSILONS  ***


         EPS1      EPS2     
 
 EPS1
+       .........
 
 EPS2
+       .........  4.18E-02
 
1
 ************************************************************************************************************************
 ********************                                                                                ********************
 ********************               FIRST ORDER CONDITIONAL ESTIMATION WITH INTERACTION              ********************
 ********************                          COVARIANCE MATRIX OF ESTIMATE                         ********************
 ********************                                                                                ********************
 ************************************************************************************************************************
 

            TH 1      TH 2      TH 3      OM11      OM12      OM13      OM22      OM23      OM33      SG11      SG12      SG22  

 
 TH 1
+        8.02E-05
 
 TH 2
+        5.01E-05  5.04E-04
 
 TH 3
+        1.56E-03  7.37E-03  1.24E-01
 
 OM11
+        4.60E-05  6.29E-05  8.88E-04  4.17E-04
 
 OM12
+       ......... ......... ......... ......... .........
 
 OM13
+       ......... ......... ......... ......... ......... .........
 
 OM22
+        1.10E-06 -1.06E-04 -1.09E-03 -2.99E-05 ......... .........  8.32E-05
 
 OM23
+       ......... ......... ......... ......... ......... ......... ......... .........
 
 OM33
+        6.29E-06 -2.01E-05  4.96E-05 -1.52E-05 ......... .........  6.30E-05 .........  5.87E-05
 
 SG11
+       ......... ......... ......... ......... ......... ......... ......... ......... ......... .........
 
 SG12
+       ......... ......... ......... ......... ......... ......... ......... ......... ......... ......... .........
 
 SG22
+        5.25E-05  8.73E-04  1.16E-02  1.49E-04 ......... ......... -2.06E-04 ......... -4.38E-05 ......... .........  1.64E-03
 
1
 ************************************************************************************************************************
 ********************                                                                                ********************
 ********************               FIRST ORDER CONDITIONAL ESTIMATION WITH INTERACTION              ********************
 ********************                          CORRELATION MATRIX OF ESTIMATE                        ********************
 ********************                                                                                ********************
 ************************************************************************************************************************
 

            TH 1      TH 2      TH 3      OM11      OM12      OM13      OM22      OM23      OM33      SG11      SG12      SG22  

 
 TH 1
+        8.95E-03
 
 TH 2
+        2.49E-01  2.24E-02
 
 TH 3
+        4.96E-01  9.34E-01  3.52E-01
 
 OM11
+        2.51E-01  1.37E-01  1.24E-01  2.04E-02
 
 OM12
+       ......... ......... ......... ......... .........
 
 OM13
+       ......... ......... ......... ......... ......... .........
 
 OM22
+        1.34E-02 -5.19E-01 -3.41E-01 -1.61E-01 ......... .........  9.12E-03
 
 OM23
+       ......... ......... ......... ......... ......... ......... ......... .........
 
 OM33
+        9.16E-02 -1.17E-01  1.84E-02 -9.74E-02 ......... .........  9.01E-01 .........  7.66E-03
 
 SG11
+       ......... ......... ......... ......... ......... ......... ......... ......... ......... .........
 
 SG12
+       ......... ......... ......... ......... ......... ......... ......... ......... ......... ......... .........
 
 SG22
+        1.45E-01  9.61E-01  8.14E-01  1.80E-01 ......... ......... -5.57E-01 ......... -1.41E-01 ......... .........  4.05E-02
 
1
 ************************************************************************************************************************
 ********************                                                                                ********************
 ********************               FIRST ORDER CONDITIONAL ESTIMATION WITH INTERACTION              ********************
 ********************                      INVERSE COVARIANCE MATRIX OF ESTIMATE                     ********************
 ********************                                                                                ********************
 ************************************************************************************************************************
 

            TH 1      TH 2      TH 3      OM11      OM12      OM13      OM22      OM23      OM33      SG11      SG12      SG22  

 
 TH 1
+        9.11E+05
 
 TH 2
+        4.77E+06  1.98E+07
 
 TH 3
+       -1.32E+05 -6.67E+05  1.93E+04
 
 OM11
+       -3.35E+03  8.66E+03  4.96E+01  2.95E+03
 
 OM12
+       ......... ......... ......... ......... .........
 
 OM13
+       ......... ......... ......... ......... ......... .........
 
 OM22
+        4.34E+07 -2.11E+07 -7.74E+06  2.82E+07 ......... .........  9.56E+12
 
 OM23
+       ......... ......... ......... ......... ......... ......... ......... .........
 
 OM33
+       -4.27E+07  2.37E+07  7.65E+06 -2.81E+07 ......... ......... -9.55E+12 .........  9.55E+12
 
 SG11
+       ......... ......... ......... ......... ......... ......... ......... ......... ......... .........
 
 SG12
+       ......... ......... ......... ......... ......... ......... ......... ......... ......... ......... .........
 
 SG22
+        2.64E+06 -8.02E+06 -5.40E+05  2.78E+06 ......... .........  9.44E+11 ......... -9.43E+11 ......... .........  9.32E+10
 
 Elapsed finaloutput time in seconds:     0.03
 #CPUT: Total CPU Time in Seconds,        2.078
Stop Time:
Sun Aug  6 11:07:40 EDT 2023
